<?xml version="1.0" encoding="UTF-8"?>
<!-- Generated by org.testng.reporters.JUnitReportReporter -->
<testsuite hostname="LAPTOP-RJ06VQ9R" failures="0" tests="1" name="cucumberOptions.TestNGTestRunner" time="14.248" errors="0" timestamp="12 Feb 2024 15:07:32 GMT" skipped="0">
  <testcase classname="cucumberOptions.TestNGTestRunner" name="runScenario" time="14.248"/>
</testsuite> <!-- cucumberOptions.TestNGTestRunner -->
